<?xml version="1.0" encoding="UTF-8"?>
<!-- Generated by org.testng.reporters.JUnitReportReporter -->
<testsuite skipped="0" hostname="DESKTOP-VF6HSB6" name="testcases.TC001" tests="1" failures="0" timestamp="2020-07-07T12:22:15 IST" time="25.556" errors="0">
  <testcase name="addProductToCart" time="25.556" classname="testcases.TC001"/>
  <system-out/>
</testsuite> <!-- testcases.TC001 -->
