<?xml version="1.0" encoding="UTF-8"?>
<!-- Generated by org.testng.reporters.JUnitReportReporter -->
<testsuite skipped="0" hostname="LAPTOP-NLMRCDTF" name="testcases.TCscrollingoperation" tests="1" failures="0" timestamp="17 Jun 2020 07:55:49 GMT" time="15.984" errors="0">
  <testcase name="scrolling" time="15.984" classname="testcases.TCscrollingoperation"/>
</testsuite> <!-- testcases.TCscrollingoperation -->
