<?xml version="1.0" encoding="UTF-8"?>
<!-- Generated by org.testng.reporters.JUnitReportReporter -->
<testsuite skipped="0" hostname="DESKTOP-VF6HSB6" name="testcases.TC002" tests="5" failures="0" timestamp="2020-07-07T12:22:15 IST" time="119.233" errors="0">
  <testcase name="addProductToCartFromExcel" time="21.426" classname="testcases.TC002"/>
  <system-out/>
  <testcase name="addProductToCartFromExcel" time="25.982" classname="testcases.TC002"/>
  <system-out/>
  <testcase name="addProductToCartFromExcel" time="26.986" classname="testcases.TC002"/>
  <system-out/>
  <testcase name="addProductToCartFromExcel" time="23.029" classname="testcases.TC002"/>
  <system-out/>
  <testcase name="addProductToCartFromExcel" time="21.810" classname="testcases.TC002"/>
  <system-out/>
</testsuite> <!-- testcases.TC002 -->
